<?xml version="1.0" encoding="UTF-8"?>
<!-- Generated by org.testng.reporters.JUnitXMLReporter -->
<testsuite hostname="Farzanas-MacBook-Air.local" ignored="0" name="Default test" tests="6" failures="0" timestamp="2022-10-25T15:46:58 BDT" time="47.409" errors="0">
  <testcase name="uiElementVerification" time="0.798" classname="mExpanse.Pages.TestCases.LogInTC"/>
  <testcase name="mailFormatValidation" time="15.908" classname="mExpanse.Pages.TestCases.LogInTC"/>
  <testcase name="mailPassNotSpecified" time="8.272" classname="mExpanse.Pages.TestCases.LogInTC"/>
  <testcase name="wrongmailCorrectPass" time="1.637" classname="mExpanse.Pages.TestCases.LogInTC"/>
  <testcase name="correctMailWrongPass" time="2.021" classname="mExpanse.Pages.TestCases.LogInTC"/>
  <testcase name="correctMailCorrectPass" time="4.966" classname="mExpanse.Pages.TestCases.LogInTC"/>
</testsuite> <!-- Default test -->
