<?xml version="1.0" encoding="UTF-8"?>
<!-- Generated by org.testng.reporters.JUnitXMLReporter -->
<testsuite hostname="Farzanas-MacBook-Air.local" ignored="0" name="ExtentTestNGIReporterListener" tests="1" failures="1" timestamp="2022-10-20T20:12:37 BDT" time="17.595" errors="0">
  <testcase name="correctUsername_CorrectPassword" time="0.898" classname="mExpanse.Pages.TestCases.LogInTC">
    <failure type="java.lang.IllegalArgumentException" message="Locator must be set">
      <![CDATA[java.lang.IllegalArgumentException: Locator must be set
at org.openqa.selenium.internal.Require.nonNull(Require.java:59)
at org.openqa.selenium.remote.RemoteWebDriver.findElement(RemoteWebDriver.java:355)
at mExpance.Library.Operations.findElement(Operations.java:18)
at mExpance.Library.Operations.matchText(Operations.java:35)
at mExpanse.Pages.Implementation.LogIn_Impl.logIn(LogIn_Impl.java:21)
at mExpanse.Pages.TestCases.LogInTC.correctUsername_CorrectPassword(LogInTC.java:31)
at java.util.ArrayList.forEach(ArrayList.java:1259)
... Removed 27 stack frames]]>
    </failure>
  </testcase> <!-- correctUsername_CorrectPassword -->
</testsuite> <!-- ExtentTestNGIReporterListener -->
